[21:30:36] [main/INFO]: Loading Minecraft 1.21.6 with Fabric Loader 0.17.2
[21:30:36] [main/INFO]: Loading 8 mods:
	- fabricloader 0.17.2
	   \-- mixinextras 0.5.0
	- java 21
	- minecraft 1.21.6
	- servux 0.7.3
	   |-- fabric-api-base 0.5.0+cd8c0daa2c
	   |-- fabric-networking-api-v1 5.0.2+946bf4c32c
	   \-- fabric-permissions-api-v0 0.4.1
[21:30:36] [main/INFO]: SpongePowered MIXIN Subsystem Version=0.8.7 Source=file:/F:/1/mc_web_panel/mc_server/libraries/net/fabricmc/sponge-mixin/0.16.3+mixin.0.8.7/sponge-mixin-0.16.3+mixin.0.8.7.jar Service=Knot/Fabric Env=SERVER
[21:30:37] [main/INFO]: Compatibility level set to JAVA_21
[21:30:37] [main/INFO]: Initializing MixinExtras via com.llamalad7.mixinextras.service.MixinExtrasServiceImpl(version=0.5.0).
[21:30:57] [main/INFO]: Environment: Environment[sessionHost=https://sessionserver.mojang.com, servicesHost=https://api.minecraftservices.com, name=PROD]
[21:31:05] [main/INFO]: Loaded 1407 recipes
[21:31:05] [main/INFO]: Loaded 1520 advancements
[21:31:05] [Server thread/INFO]: Starting minecraft server version 1.21.6
[21:31:05] [Server thread/INFO]: Loading properties
[21:31:05] [Server thread/INFO]: Default game type: SURVIVAL
[21:31:05] [Server thread/INFO]: Generating keypair
[21:31:05] [Server thread/INFO]: Starting Minecraft server on *:25565
[21:31:06] [Server thread/INFO]: Using default channel type
[21:31:06] [Server thread/WARN]: **** SERVER IS RUNNING IN OFFLINE/INSECURE MODE!
[21:31:06] [Server thread/WARN]: The server will make no attempt to authenticate usernames. Beware.
[21:31:06] [Server thread/WARN]: While this makes the game possible to play without internet access, it also opens up the ability for hackers to connect with any username they choose.
[21:31:06] [Server thread/WARN]: To change this, set "online-mode" to "true" in the server.properties file.
[21:31:06] [Server thread/INFO]: Preparing level "world"
[21:31:07] [Server thread/INFO]: Preparing start region for dimension minecraft:overworld
[21:31:17] [Worker-Main-1/INFO]: Preparing spawn area: 0%
[21:31:17] [Worker-Main-1/INFO]: Preparing spawn area: 0%
[21:31:17] [Worker-Main-1/INFO]: Preparing spawn area: 0%
[21:31:17] [Worker-Main-1/INFO]: Preparing spawn area: 0%
[21:31:17] [Worker-Main-1/INFO]: Preparing spawn area: 0%
[21:31:17] [Worker-Main-1/INFO]: Preparing spawn area: 0%
[21:31:17] [Worker-Main-1/INFO]: Preparing spawn area: 0%
[21:31:17] [Worker-Main-1/INFO]: Preparing spawn area: 0%
[21:31:17] [Worker-Main-1/INFO]: Preparing spawn area: 0%
[21:31:17] [Worker-Main-1/INFO]: Preparing spawn area: 0%
[21:31:17] [Worker-Main-1/INFO]: Preparing spawn area: 0%
[21:31:17] [Worker-Main-1/INFO]: Preparing spawn area: 0%
[21:31:17] [Worker-Main-1/INFO]: Preparing spawn area: 0%
[21:31:17] [Worker-Main-1/INFO]: Preparing spawn area: 0%
[21:31:17] [Worker-Main-1/INFO]: Preparing spawn area: 0%
[21:31:17] [Worker-Main-1/INFO]: Preparing spawn area: 0%
[21:31:17] [Worker-Main-1/INFO]: Preparing spawn area: 0%
[21:31:17] [Worker-Main-1/INFO]: Preparing spawn area: 0%
[21:31:17] [Worker-Main-1/INFO]: Preparing spawn area: 0%
[21:31:17] [Worker-Main-1/INFO]: Preparing spawn area: 0%
[21:31:17] [Server thread/INFO]: Time elapsed: 9927 ms
[21:31:17] [Server thread/INFO]: Done (11.071s)! For help, type "help"
[21:31:18] [Server thread/INFO]: Stopping the server
[21:31:18] [Server thread/INFO]: Stopping server
[21:31:18] [Server thread/INFO]: Saving players
[21:31:18] [Server thread/INFO]: Saving worlds
[21:31:18] [Server thread/INFO]: Saving chunks for level 'ServerLevel[world]'/minecraft:overworld
[21:31:19] [Server thread/INFO]: Saving chunks for level 'ServerLevel[world]'/minecraft:the_end
[21:31:19] [Server thread/INFO]: Saving chunks for level 'ServerLevel[world]'/minecraft:the_nether
[21:31:19] [Server thread/INFO]: ThreadedAnvilChunkStorage (world): All chunks are saved
[21:31:19] [Server thread/INFO]: ThreadedAnvilChunkStorage (DIM1): All chunks are saved
[21:31:19] [Server thread/INFO]: ThreadedAnvilChunkStorage (DIM-1): All chunks are saved
[21:31:19] [Server thread/INFO]: ThreadedAnvilChunkStorage: All dimensions are saved
